<?xml version="1.0" encoding="UTF-8"?>
<testng-results skipped="0" failed="0" total="1" passed="1">
  <reporter-output>
  </reporter-output>
  <suite name="Default suite" duration-ms="27149" started-at="2018-03-23T14:04:22Z" finished-at="2018-03-23T14:04:49Z">
    <groups>
    </groups>
    <test name="Default test" duration-ms="27149" started-at="2018-03-23T14:04:22Z" finished-at="2018-03-23T14:04:49Z">
      <class name="com.util.re_usables">
        <test-method status="PASS" signature="Begin()[pri:0, instance:com.util.re_usables@8bd1b6a]" name="Begin" is-config="true" duration-ms="15684" started-at="2018-03-23T19:34:22Z" finished-at="2018-03-23T19:34:37Z">
          <reporter-output>
          </reporter-output>
        </test-method> <!-- Begin -->
        <test-method status="PASS" signature="TestCases()[pri:0, instance:com.util.re_usables@8bd1b6a]" name="TestCases" duration-ms="10789" started-at="2018-03-23T19:34:37Z" finished-at="2018-03-23T19:34:48Z">
          <reporter-output>
          </reporter-output>
        </test-method> <!-- TestCases -->
        <test-method status="PASS" signature="close()[pri:0, instance:com.util.re_usables@8bd1b6a]" name="close" is-config="true" duration-ms="650" started-at="2018-03-23T19:34:48Z" finished-at="2018-03-23T19:34:49Z">
          <reporter-output>
          </reporter-output>
        </test-method> <!-- close -->
      </class> <!-- com.util.re_usables -->
    </test> <!-- Default test -->
  </suite> <!-- Default suite -->
</testng-results>
